<?xml version="1.0" encoding="UTF-8"?>
<!-- Generated by org.testng.reporters.JUnitReportReporter -->
<testsuite hostname="ATMECSINLT-917" failures="0" tests="1" name="com.DC.API.Tests.Ctests" time="2.176" errors="0" timestamp="01 Mar 2022 21:29:26 GMT" skipped="0">
  <testcase classname="com.DC.API.Tests.Ctests" name="sampleTest" time="2.176"/>
</testsuite> <!-- com.DC.API.Tests.Ctests -->
